# JRE version: OpenJDK Runtime Environment Temurin-17.0.2+8 (17.0.2+8) (build 17.0.2+8)
# Java VM: OpenJDK 64-Bit Server VM Temurin-17.0.2+8 (17.0.2+8, mixed mode, emulated-client, tiered, compressed oops, compressed class ptrs, g1 gc, windows-amd64)
GC Precious Log:
 CPUs: 12 total, 12 available
 Memory: 7524M
 Large Page Support: Disabled
 NUMA Support: Disabled
 Compressed Oops: Enabled (32-bit)
 Heap Region Size: 1M
 Heap Min Capacity: 8M
 Heap Initial Capacity: 118M
 Heap Max Capacity: 1882M
 Pre-touch: Disabled
 Parallel Workers: 10
 Concurrent Workers: 3
 Concurrent Refinement Workers: 10
 Periodic GC: Disabled
Heap:
 garbage-first heap   total 51200K, used 24716K [0x000000008a600000, 0x0000000100000000)
  region size 1024K, 13 young (13312K), 1 survivors (1024K)
 Metaspace       used 34230K, committed 34624K, reserved 1081344K
  class space    used 4522K, committed 4672K, reserved 1048576K
GC Heap History (20 events):
Event: 2.819 GC heap before
{Heap before GC invocations=2 (full 0):
 garbage-first heap   total 120832K, used 19676K [0x000000008a600000, 0x0000000100000000)
  region size 1024K, 15 young (15360K), 3 survivors (3072K)
 Metaspace       used 21298K, committed 21504K, reserved 1073152K
  class space    used 2665K, committed 2816K, reserved 1048576K
}
Event: 2.822 GC heap after
{Heap after GC invocations=3 (full 0):
 garbage-first heap   total 120832K, used 9220K [0x000000008a600000, 0x0000000100000000)
  region size 1024K, 4 young (4096K), 4 survivors (4096K)
 Metaspace       used 21298K, committed 21504K, reserved 1073152K
  class space    used 2665K, committed 2816K, reserved 1048576K
}
Event: 3.136 GC heap before
{Heap before GC invocations=4 (full 0):
 garbage-first heap   total 37888K, used 26628K [0x000000008a600000, 0x0000000100000000)
  region size 1024K, 22 young (22528K), 4 survivors (4096K)
 Metaspace       used 24124K, committed 24448K, reserved 1073152K
  class space    used 3098K, committed 3264K, reserved 1048576K
}
Event: 3.142 GC heap after
{Heap after GC invocations=5 (full 0):
 garbage-first heap   total 37888K, used 11385K [0x000000008a600000, 0x0000000100000000)
  region size 1024K, 3 young (3072K), 3 survivors (3072K)
 Metaspace       used 24124K, committed 24448K, reserved 1073152K
  class space    used 3098K, committed 3264K, reserved 1048576K
}
Event: 3.146 GC heap before
{Heap before GC invocations=5 (full 0):
 garbage-first heap   total 37888K, used 12409K [0x000000008a600000, 0x0000000100000000)
  region size 1024K, 4 young (4096K), 3 survivors (3072K)
 Metaspace       used 24124K, committed 24448K, reserved 1073152K
  class space    used 3098K, committed 3264K, reserved 1048576K
}
Event: 3.150 GC heap after
{Heap after GC invocations=6 (full 0):
 garbage-first heap   total 37888K, used 12071K [0x000000008a600000, 0x0000000100000000)
  region size 1024K, 1 young (1024K), 1 survivors (1024K)
 Metaspace       used 24124K, committed 24448K, reserved 1073152K
  class space    used 3098K, committed 3264K, reserved 1048576K
}
Event: 3.448 GC heap before
{Heap before GC invocations=6 (full 0):
 garbage-first heap   total 37888K, used 25383K [0x000000008a600000, 0x0000000100000000)
  region size 1024K, 15 young (15360K), 1 survivors (1024K)
 Metaspace       used 27178K, committed 27392K, reserved 1073152K
  class space    used 3555K, committed 3648K, reserved 1048576K
}
Event: 3.450 GC heap after
{Heap after GC invocations=7 (full 0):
 garbage-first heap   total 37888K, used 13082K [0x000000008a600000, 0x0000000100000000)
  region size 1024K, 2 young (2048K), 2 survivors (2048K)
 Metaspace       used 27178K, committed 27392K, reserved 1073152K
  class space    used 3555K, committed 3648K, reserved 1048576K
}
Event: 6.920 GC heap before
{Heap before GC invocations=7 (full 0):
 garbage-first heap   total 37888K, used 26394K [0x000000008a600000, 0x0000000100000000)
  region size 1024K, 16 young (16384K), 2 survivors (2048K)
 Metaspace       used 29948K, committed 30208K, reserved 1081344K
  class space    used 3982K, committed 4096K, reserved 1048576K
}
Event: 6.923 GC heap after
{Heap after GC invocations=8 (full 0):
 garbage-first heap   total 37888K, used 14470K [0x000000008a600000, 0x0000000100000000)
  region size 1024K, 2 young (2048K), 2 survivors (2048K)
 Metaspace       used 29948K, committed 30208K, reserved 1081344K
  class space    used 3982K, committed 4096K, reserved 1048576K
}
Event: 7.041 GC heap before
{Heap before GC invocations=8 (full 0):
 garbage-first heap   total 37888K, used 26758K [0x000000008a600000, 0x0000000100000000)
  region size 1024K, 15 young (15360K), 2 survivors (2048K)
 Metaspace       used 31605K, committed 31872K, reserved 1081344K
  class space    used 4105K, committed 4224K, reserved 1048576K
}
Event: 7.042 GC heap after
{Heap after GC invocations=9 (full 0):
 garbage-first heap   total 37888K, used 16307K [0x000000008a600000, 0x0000000100000000)
  region size 1024K, 2 young (2048K), 2 survivors (2048K)
 Metaspace       used 31605K, committed 31872K, reserved 1081344K
  class space    used 4105K, committed 4224K, reserved 1048576K
}
Event: 104.077 GC heap before
{Heap before GC invocations=9 (full 0):
 garbage-first heap   total 37888K, used 26547K [0x000000008a600000, 0x0000000100000000)
  region size 1024K, 13 young (13312K), 2 survivors (2048K)
 Metaspace       used 32213K, committed 32576K, reserved 1081344K
  class space    used 4203K, committed 4352K, reserved 1048576K
}
Event: 104.079 GC heap after
{Heap after GC invocations=10 (full 0):
 garbage-first heap   total 77824K, used 17671K [0x000000008a600000, 0x0000000100000000)
  region size 1024K, 2 young (2048K), 2 survivors (2048K)
 Metaspace       used 32213K, committed 32576K, reserved 1081344K
  class space    used 4203K, committed 4352K, reserved 1048576K
}
Event: 403.596 GC heap before
{Heap before GC invocations=10 (full 0):
 garbage-first heap   total 77824K, used 26887K [0x000000008a600000, 0x0000000100000000)
  region size 1024K, 12 young (12288K), 2 survivors (2048K)
 Metaspace       used 32398K, committed 32704K, reserved 1081344K
  class space    used 4233K, committed 4352K, reserved 1048576K
}
Event: 403.607 GC heap after
{Heap after GC invocations=11 (full 1):
 garbage-first heap   total 55296K, used 13442K [0x000000008a600000, 0x0000000100000000)
  region size 1024K, 0 young (0K), 0 survivors (0K)
 Metaspace       used 32323K, committed 32704K, reserved 1081344K
  class space    used 4215K, committed 4352K, reserved 1048576K
}
Event: 413.698 GC heap before
{Heap before GC invocations=11 (full 1):
 garbage-first heap   total 55296K, used 13442K [0x000000008a600000, 0x0000000100000000)
  region size 1024K, 1 young (1024K), 0 survivors (0K)
 Metaspace       used 32323K, committed 32704K, reserved 1081344K
  class space    used 4215K, committed 4352K, reserved 1048576K
}
Event: 413.707 GC heap after
{Heap after GC invocations=12 (full 2):
 garbage-first heap   total 51200K, used 13190K [0x000000008a600000, 0x0000000100000000)
  region size 1024K, 0 young (0K), 0 survivors (0K)
 Metaspace       used 32302K, committed 32704K, reserved 1081344K
  class space    used 4209K, committed 4352K, reserved 1048576K
}
Event: 1051.321 GC heap before
{Heap before GC invocations=12 (full 2):
 garbage-first heap   total 51200K, used 35718K [0x000000008a600000, 0x0000000100000000)
  region size 1024K, 22 young (22528K), 0 survivors (0K)
 Metaspace       used 32560K, committed 32896K, reserved 1081344K
  class space    used 4268K, committed 4416K, reserved 1048576K
}
Event: 1051.321 GC heap after
{Heap after GC invocations=13 (full 2):
 garbage-first heap   total 51200K, used 13452K [0x000000008a600000, 0x0000000100000000)
  region size 1024K, 1 young (1024K), 1 survivors (1024K)
 Metaspace       used 32560K, committed 32896K, reserved 1081344K
  class space    used 4268K, committed 4416K, reserved 1048576K
}

