# JRE version: OpenJDK Runtime Environment Temurin-17.0.2+8 (17.0.2+8) (build 17.0.2+8)
# Java VM: OpenJDK 64-Bit Server VM Temurin-17.0.2+8 (17.0.2+8, mixed mode, emulated-client, tiered, compressed oops, compressed class ptrs, g1 gc, windows-amd64)
GC Precious Log:
 CPUs: 12 total, 12 available
 Memory: 7524M
 Large Page Support: Disabled
 NUMA Support: Disabled
 Compressed Oops: Enabled (32-bit)
 Heap Region Size: 1M
 Heap Min Capacity: 8M
 Heap Initial Capacity: 118M
 Heap Max Capacity: 1882M
 Pre-touch: Disabled
 Parallel Workers: 10
 Concurrent Workers: 3
 Concurrent Refinement Workers: 10
 Periodic GC: Disabled
Heap:
 garbage-first heap   total 45056K, used 13515K [0x000000008a600000, 0x0000000100000000)
  region size 1024K, 1 young (1024K), 0 survivors (0K)
 Metaspace       used 34092K, committed 34688K, reserved 1081344K
  class space    used 4492K, committed 4736K, reserved 1048576K
GC Heap History (20 events):
Event: 5741.828 GC heap before
{Heap before GC invocations=431 (full 422):
 garbage-first heap   total 45056K, used 13515K [0x000000008a600000, 0x0000000100000000)
  region size 1024K, 1 young (1024K), 0 survivors (0K)
 Metaspace       used 34092K, committed 34688K, reserved 1081344K
  class space    used 4492K, committed 4736K, reserved 1048576K
}
Event: 5741.843 GC heap after
{Heap after GC invocations=432 (full 423):
 garbage-first heap   total 45056K, used 13515K [0x000000008a600000, 0x0000000100000000)
  region size 1024K, 0 young (0K), 0 survivors (0K)
 Metaspace       used 34092K, committed 34688K, reserved 1081344K
  class space    used 4492K, committed 4736K, reserved 1048576K
}
Event: 5751.937 GC heap before
{Heap before GC invocations=432 (full 423):
 garbage-first heap   total 45056K, used 13515K [0x000000008a600000, 0x0000000100000000)
  region size 1024K, 1 young (1024K), 0 survivors (0K)
 Metaspace       used 34092K, committed 34688K, reserved 1081344K
  class space    used 4492K, committed 4736K, reserved 1048576K
}
Event: 5751.951 GC heap after
{Heap after GC invocations=433 (full 424):
 garbage-first heap   total 45056K, used 13515K [0x000000008a600000, 0x0000000100000000)
  region size 1024K, 0 young (0K), 0 survivors (0K)
 Metaspace       used 34092K, committed 34688K, reserved 1081344K
  class space    used 4492K, committed 4736K, reserved 1048576K
}
Event: 5762.048 GC heap before
{Heap before GC invocations=433 (full 424):
 garbage-first heap   total 45056K, used 13515K [0x000000008a600000, 0x0000000100000000)
  region size 1024K, 1 young (1024K), 0 survivors (0K)
 Metaspace       used 34092K, committed 34688K, reserved 1081344K
  class space    used 4492K, committed 4736K, reserved 1048576K
}
Event: 5762.062 GC heap after
{Heap after GC invocations=434 (full 425):
 garbage-first heap   total 45056K, used 13515K [0x000000008a600000, 0x0000000100000000)
  region size 1024K, 0 young (0K), 0 survivors (0K)
 Metaspace       used 34092K, committed 34688K, reserved 1081344K
  class space    used 4492K, committed 4736K, reserved 1048576K
}
Event: 5772.169 GC heap before
{Heap before GC invocations=434 (full 425):
 garbage-first heap   total 45056K, used 13515K [0x000000008a600000, 0x0000000100000000)
  region size 1024K, 1 young (1024K), 0 survivors (0K)
 Metaspace       used 34092K, committed 34688K, reserved 1081344K
  class space    used 4492K, committed 4736K, reserved 1048576K
}
Event: 5772.183 GC heap after
{Heap after GC invocations=435 (full 426):
 garbage-first heap   total 45056K, used 13515K [0x000000008a600000, 0x0000000100000000)
  region size 1024K, 0 young (0K), 0 survivors (0K)
 Metaspace       used 34092K, committed 34688K, reserved 1081344K
  class space    used 4492K, committed 4736K, reserved 1048576K
}
Event: 5782.282 GC heap before
{Heap before GC invocations=435 (full 426):
 garbage-first heap   total 45056K, used 13515K [0x000000008a600000, 0x0000000100000000)
  region size 1024K, 1 young (1024K), 0 survivors (0K)
 Metaspace       used 34092K, committed 34688K, reserved 1081344K
  class space    used 4492K, committed 4736K, reserved 1048576K
}
Event: 5782.295 GC heap after
{Heap after GC invocations=436 (full 427):
 garbage-first heap   total 45056K, used 13515K [0x000000008a600000, 0x0000000100000000)
  region size 1024K, 0 young (0K), 0 survivors (0K)
 Metaspace       used 34092K, committed 34688K, reserved 1081344K
  class space    used 4492K, committed 4736K, reserved 1048576K
}
Event: 5792.400 GC heap before
{Heap before GC invocations=436 (full 427):
 garbage-first heap   total 45056K, used 13515K [0x000000008a600000, 0x0000000100000000)
  region size 1024K, 1 young (1024K), 0 survivors (0K)
 Metaspace       used 34092K, committed 34688K, reserved 1081344K
  class space    used 4492K, committed 4736K, reserved 1048576K
}
Event: 5792.415 GC heap after
{Heap after GC invocations=437 (full 428):
 garbage-first heap   total 45056K, used 13515K [0x000000008a600000, 0x0000000100000000)
  region size 1024K, 0 young (0K), 0 survivors (0K)
 Metaspace       used 34092K, committed 34688K, reserved 1081344K
  class space    used 4492K, committed 4736K, reserved 1048576K
}
Event: 5802.516 GC heap before
{Heap before GC invocations=437 (full 428):
 garbage-first heap   total 45056K, used 13515K [0x000000008a600000, 0x0000000100000000)
  region size 1024K, 1 young (1024K), 0 survivors (0K)
 Metaspace       used 34092K, committed 34688K, reserved 1081344K
  class space    used 4492K, committed 4736K, reserved 1048576K
}
Event: 5802.529 GC heap after
{Heap after GC invocations=438 (full 429):
 garbage-first heap   total 45056K, used 13515K [0x000000008a600000, 0x0000000100000000)
  region size 1024K, 0 young (0K), 0 survivors (0K)
 Metaspace       used 34092K, committed 34688K, reserved 1081344K
  class space    used 4492K, committed 4736K, reserved 1048576K
}
Event: 5812.636 GC heap before
{Heap before GC invocations=438 (full 429):
 garbage-first heap   total 45056K, used 13515K [0x000000008a600000, 0x0000000100000000)
  region size 1024K, 1 young (1024K), 0 survivors (0K)
 Metaspace       used 34092K, committed 34688K, reserved 1081344K
  class space    used 4492K, committed 4736K, reserved 1048576K
}
Event: 5812.652 GC heap after
{Heap after GC invocations=439 (full 430):
 garbage-first heap   total 45056K, used 13515K [0x000000008a600000, 0x0000000100000000)
  region size 1024K, 0 young (0K), 0 survivors (0K)
 Metaspace       used 34092K, committed 34688K, reserved 1081344K
  class space    used 4492K, committed 4736K, reserved 1048576K
}
Event: 5822.748 GC heap before
{Heap before GC invocations=439 (full 430):
 garbage-first heap   total 45056K, used 13515K [0x000000008a600000, 0x0000000100000000)
  region size 1024K, 1 young (1024K), 0 survivors (0K)
 Metaspace       used 34092K, committed 34688K, reserved 1081344K
  class space    used 4492K, committed 4736K, reserved 1048576K
}
Event: 5822.762 GC heap after
{Heap after GC invocations=440 (full 431):
 garbage-first heap   total 45056K, used 13515K [0x000000008a600000, 0x0000000100000000)
  region size 1024K, 0 young (0K), 0 survivors (0K)
 Metaspace       used 34092K, committed 34688K, reserved 1081344K
  class space    used 4492K, committed 4736K, reserved 1048576K
}
Event: 5832.863 GC heap before
{Heap before GC invocations=440 (full 431):
 garbage-first heap   total 45056K, used 13515K [0x000000008a600000, 0x0000000100000000)
  region size 1024K, 1 young (1024K), 0 survivors (0K)
 Metaspace       used 34092K, committed 34688K, reserved 1081344K
  class space    used 4492K, committed 4736K, reserved 1048576K
}
Event: 5832.876 GC heap after
{Heap after GC invocations=441 (full 432):
 garbage-first heap   total 45056K, used 13515K [0x000000008a600000, 0x0000000100000000)
  region size 1024K, 0 young (0K), 0 survivors (0K)
 Metaspace       used 34092K, committed 34688K, reserved 1081344K
  class space    used 4492K, committed 4736K, reserved 1048576K
}

