# JRE version: OpenJDK Runtime Environment Temurin-17.0.2+8 (17.0.2+8) (build 17.0.2+8)
# Java VM: OpenJDK 64-Bit Server VM Temurin-17.0.2+8 (17.0.2+8, mixed mode, tiered, compressed oops, compressed class ptrs, parallel gc, windows-amd64)
GC Precious Log:
 CPUs: 12 total, 12 available
 Memory: 7524M
 Large Page Support: Disabled
 NUMA Support: Disabled
 Compressed Oops: Enabled (32-bit)
 Alignments: Space 512K, Generation 512K, Heap 2M
 Heap Min Capacity: 100M
 Heap Initial Capacity: 100M
 Heap Max Capacity: 1G
 Pre-touch: Disabled
 Parallel Workers: 10
Heap:
 PSYoungGen      total 23552K, used 23369K [0x00000000eab00000, 0x00000000ec680000, 0x0000000100000000)
  eden space 22016K, 99% used [0x00000000eab00000,0x00000000ec0555c8,0x00000000ec080000)
  from space 1536K, 99% used [0x00000000ec280000,0x00000000ec3fcf08,0x00000000ec400000)
  to   space 2560K, 0% used [0x00000000ec400000,0x00000000ec400000,0x00000000ec680000)
 ParOldGen       total 68608K, used 42463K [0x00000000c0000000, 0x00000000c4300000, 0x00000000eab00000)
  object space 68608K, 61% used [0x00000000c0000000,0x00000000c2977f78,0x00000000c4300000)
 Metaspace       used 55334K, committed 56128K, reserved 1105920K
  class space    used 5712K, committed 6080K, reserved 1048576K
GC Heap History (20 events):
Event: 6.586 GC heap before
{Heap before GC invocations=12 (full 2):
 PSYoungGen      total 27648K, used 27326K [0x00000000eab00000, 0x00000000ecb80000, 0x0000000100000000)
  eden space 22016K, 100% used [0x00000000eab00000,0x00000000ec080000,0x00000000ec080000)
  from space 5632K, 94% used [0x00000000ec100000,0x00000000ec62f928,0x00000000ec680000)
  to   space 5120K, 0% used [0x00000000ec680000,0x00000000ec680000,0x00000000ecb80000)
 ParOldGen       total 68608K, used 14903K [0x00000000c0000000, 0x00000000c4300000, 0x00000000eab00000)
  object space 68608K, 21% used [0x00000000c0000000,0x00000000c0e8df48,0x00000000c4300000)
 Metaspace       used 38178K, committed 38912K, reserved 1089536K
  class space    used 4007K, committed 4288K, reserved 1048576K
}
Event: 6.592 GC heap after
{Heap after GC invocations=12 (full 2):
 PSYoungGen      total 27136K, used 4754K [0x00000000eab00000, 0x00000000ecb80000, 0x0000000100000000)
  eden space 22016K, 0% used [0x00000000eab00000,0x00000000eab00000,0x00000000ec080000)
  from space 5120K, 92% used [0x00000000ec680000,0x00000000ecb24b38,0x00000000ecb80000)
  to   space 5120K, 0% used [0x00000000ec180000,0x00000000ec180000,0x00000000ec680000)
 ParOldGen       total 68608K, used 17938K [0x00000000c0000000, 0x00000000c4300000, 0x00000000eab00000)
  object space 68608K, 26% used [0x00000000c0000000,0x00000000c11849f8,0x00000000c4300000)
 Metaspace       used 38178K, committed 38912K, reserved 1089536K
  class space    used 4007K, committed 4288K, reserved 1048576K
}
Event: 6.634 GC heap before
{Heap before GC invocations=13 (full 2):
 PSYoungGen      total 27136K, used 26770K [0x00000000eab00000, 0x00000000ecb80000, 0x0000000100000000)
  eden space 22016K, 100% used [0x00000000eab00000,0x00000000ec080000,0x00000000ec080000)
  from space 5120K, 92% used [0x00000000ec680000,0x00000000ecb24b38,0x00000000ecb80000)
  to   space 5120K, 0% used [0x00000000ec180000,0x00000000ec180000,0x00000000ec680000)
 ParOldGen       total 68608K, used 17938K [0x00000000c0000000, 0x00000000c4300000, 0x00000000eab00000)
  object space 68608K, 26% used [0x00000000c0000000,0x00000000c11849f8,0x00000000c4300000)
 Metaspace       used 38178K, committed 38912K, reserved 1089536K
  class space    used 4007K, committed 4288K, reserved 1048576K
}
Event: 6.638 GC heap after
{Heap after GC invocations=13 (full 2):
 PSYoungGen      total 25088K, used 2624K [0x00000000eab00000, 0x00000000ec780000, 0x0000000100000000)
  eden space 22016K, 0% used [0x00000000eab00000,0x00000000eab00000,0x00000000ec080000)
  from space 3072K, 85% used [0x00000000ec180000,0x00000000ec410010,0x00000000ec480000)
  to   space 3072K, 0% used [0x00000000ec480000,0x00000000ec480000,0x00000000ec780000)
 ParOldGen       total 68608K, used 22432K [0x00000000c0000000, 0x00000000c4300000, 0x00000000eab00000)
  object space 68608K, 32% used [0x00000000c0000000,0x00000000c15e82e8,0x00000000c4300000)
 Metaspace       used 38178K, committed 38912K, reserved 1089536K
  class space    used 4007K, committed 4288K, reserved 1048576K
}
Event: 6.688 GC heap before
{Heap before GC invocations=14 (full 2):
 PSYoungGen      total 25088K, used 24640K [0x00000000eab00000, 0x00000000ec780000, 0x0000000100000000)
  eden space 22016K, 100% used [0x00000000eab00000,0x00000000ec080000,0x00000000ec080000)
  from space 3072K, 85% used [0x00000000ec180000,0x00000000ec410010,0x00000000ec480000)
  to   space 3072K, 0% used [0x00000000ec480000,0x00000000ec480000,0x00000000ec780000)
 ParOldGen       total 68608K, used 22432K [0x00000000c0000000, 0x00000000c4300000, 0x00000000eab00000)
  object space 68608K, 32% used [0x00000000c0000000,0x00000000c15e82e8,0x00000000c4300000)
 Metaspace       used 38178K, committed 38912K, reserved 1089536K
  class space    used 4007K, committed 4288K, reserved 1048576K
}
Event: 6.691 GC heap after
{Heap after GC invocations=14 (full 2):
 PSYoungGen      total 24576K, used 2240K [0x00000000eab00000, 0x00000000ec700000, 0x0000000100000000)
  eden space 22016K, 0% used [0x00000000eab00000,0x00000000eab00000,0x00000000ec080000)
  from space 2560K, 87% used [0x00000000ec480000,0x00000000ec6b0000,0x00000000ec700000)
  to   space 2560K, 0% used [0x00000000ec200000,0x00000000ec200000,0x00000000ec480000)
 ParOldGen       total 68608K, used 24920K [0x00000000c0000000, 0x00000000c4300000, 0x00000000eab00000)
  object space 68608K, 36% used [0x00000000c0000000,0x00000000c18562f8,0x00000000c4300000)
 Metaspace       used 38178K, committed 38912K, reserved 1089536K
  class space    used 4007K, committed 4288K, reserved 1048576K
}
Event: 6.848 GC heap before
{Heap before GC invocations=15 (full 2):
 PSYoungGen      total 24576K, used 24256K [0x00000000eab00000, 0x00000000ec700000, 0x0000000100000000)
  eden space 22016K, 100% used [0x00000000eab00000,0x00000000ec080000,0x00000000ec080000)
  from space 2560K, 87% used [0x00000000ec480000,0x00000000ec6b0000,0x00000000ec700000)
  to   space 2560K, 0% used [0x00000000ec200000,0x00000000ec200000,0x00000000ec480000)
 ParOldGen       total 68608K, used 24920K [0x00000000c0000000, 0x00000000c4300000, 0x00000000eab00000)
  object space 68608K, 36% used [0x00000000c0000000,0x00000000c18562f8,0x00000000c4300000)
 Metaspace       used 39634K, committed 40320K, reserved 1089536K
  class space    used 4207K, committed 4544K, reserved 1048576K
}
Event: 6.851 GC heap after
{Heap after GC invocations=15 (full 2):
 PSYoungGen      total 24576K, used 2112K [0x00000000eab00000, 0x00000000ec580000, 0x0000000100000000)
  eden space 22016K, 0% used [0x00000000eab00000,0x00000000eab00000,0x00000000ec080000)
  from space 2560K, 82% used [0x00000000ec200000,0x00000000ec410000,0x00000000ec480000)
  to   space 1024K, 0% used [0x00000000ec480000,0x00000000ec480000,0x00000000ec580000)
 ParOldGen       total 68608K, used 27070K [0x00000000c0000000, 0x00000000c4300000, 0x00000000eab00000)
  object space 68608K, 39% used [0x00000000c0000000,0x00000000c1a6fb78,0x00000000c4300000)
 Metaspace       used 39634K, committed 40320K, reserved 1089536K
  class space    used 4207K, committed 4544K, reserved 1048576K
}
Event: 7.010 GC heap before
{Heap before GC invocations=16 (full 2):
 PSYoungGen      total 24576K, used 24110K [0x00000000eab00000, 0x00000000ec580000, 0x0000000100000000)
  eden space 22016K, 99% used [0x00000000eab00000,0x00000000ec07b920,0x00000000ec080000)
  from space 2560K, 82% used [0x00000000ec200000,0x00000000ec410000,0x00000000ec480000)
  to   space 1024K, 0% used [0x00000000ec480000,0x00000000ec480000,0x00000000ec580000)
 ParOldGen       total 68608K, used 27070K [0x00000000c0000000, 0x00000000c4300000, 0x00000000eab00000)
  object space 68608K, 39% used [0x00000000c0000000,0x00000000c1a6fb78,0x00000000c4300000)
 Metaspace       used 41209K, committed 41856K, reserved 1089536K
  class space    used 4399K, committed 4672K, reserved 1048576K
}
Event: 7.012 GC heap after
{Heap after GC invocations=16 (full 2):
 PSYoungGen      total 23040K, used 691K [0x00000000eab00000, 0x00000000ec580000, 0x0000000100000000)
  eden space 22016K, 0% used [0x00000000eab00000,0x00000000eab00000,0x00000000ec080000)
  from space 1024K, 67% used [0x00000000ec480000,0x00000000ec52cd68,0x00000000ec580000)
  to   space 1536K, 0% used [0x00000000ec280000,0x00000000ec280000,0x00000000ec400000)
 ParOldGen       total 68608K, used 29067K [0x00000000c0000000, 0x00000000c4300000, 0x00000000eab00000)
  object space 68608K, 42% used [0x00000000c0000000,0x00000000c1c62ed0,0x00000000c4300000)
 Metaspace       used 41209K, committed 41856K, reserved 1089536K
  class space    used 4399K, committed 4672K, reserved 1048576K
}
Event: 7.243 GC heap before
{Heap before GC invocations=17 (full 2):
 PSYoungGen      total 23040K, used 22707K [0x00000000eab00000, 0x00000000ec580000, 0x0000000100000000)
  eden space 22016K, 100% used [0x00000000eab00000,0x00000000ec080000,0x00000000ec080000)
  from space 1024K, 67% used [0x00000000ec480000,0x00000000ec52cd68,0x00000000ec580000)
  to   space 1536K, 0% used [0x00000000ec280000,0x00000000ec280000,0x00000000ec400000)
 ParOldGen       total 68608K, used 29067K [0x00000000c0000000, 0x00000000c4300000, 0x00000000eab00000)
  object space 68608K, 42% used [0x00000000c0000000,0x00000000c1c62ed0,0x00000000c4300000)
 Metaspace       used 47479K, committed 48192K, reserved 1097728K
  class space    used 5125K, committed 5440K, reserved 1048576K
}
Event: 7.245 GC heap after
{Heap after GC invocations=17 (full 2):
 PSYoungGen      total 23552K, used 1526K [0x00000000eab00000, 0x00000000ec580000, 0x0000000100000000)
  eden space 22016K, 0% used [0x00000000eab00000,0x00000000eab00000,0x00000000ec080000)
  from space 1536K, 99% used [0x00000000ec280000,0x00000000ec3fdba8,0x00000000ec400000)
  to   space 1536K, 0% used [0x00000000ec400000,0x00000000ec400000,0x00000000ec580000)
 ParOldGen       total 68608K, used 29603K [0x00000000c0000000, 0x00000000c4300000, 0x00000000eab00000)
  object space 68608K, 43% used [0x00000000c0000000,0x00000000c1ce8ed0,0x00000000c4300000)
 Metaspace       used 47479K, committed 48192K, reserved 1097728K
  class space    used 5125K, committed 5440K, reserved 1048576K
}
Event: 7.356 GC heap before
{Heap before GC invocations=18 (full 2):
 PSYoungGen      total 23552K, used 23542K [0x00000000eab00000, 0x00000000ec580000, 0x0000000100000000)
  eden space 22016K, 100% used [0x00000000eab00000,0x00000000ec080000,0x00000000ec080000)
  from space 1536K, 99% used [0x00000000ec280000,0x00000000ec3fdba8,0x00000000ec400000)
  to   space 1536K, 0% used [0x00000000ec400000,0x00000000ec400000,0x00000000ec580000)
 ParOldGen       total 68608K, used 29603K [0x00000000c0000000, 0x00000000c4300000, 0x00000000eab00000)
  object space 68608K, 43% used [0x00000000c0000000,0x00000000c1ce8ed0,0x00000000c4300000)
 Metaspace       used 48576K, committed 49280K, reserved 1097728K
  class space    used 5261K, committed 5568K, reserved 1048576K
}
Event: 7.358 GC heap after
{Heap after GC invocations=18 (full 2):
 PSYoungGen      total 23552K, used 1130K [0x00000000eab00000, 0x00000000ec580000, 0x0000000100000000)
  eden space 22016K, 0% used [0x00000000eab00000,0x00000000eab00000,0x00000000ec080000)
  from space 1536K, 73% used [0x00000000ec400000,0x00000000ec51aab0,0x00000000ec580000)
  to   space 1536K, 0% used [0x00000000ec280000,0x00000000ec280000,0x00000000ec400000)
 ParOldGen       total 68608K, used 31090K [0x00000000c0000000, 0x00000000c4300000, 0x00000000eab00000)
  object space 68608K, 45% used [0x00000000c0000000,0x00000000c1e5ca50,0x00000000c4300000)
 Metaspace       used 48576K, committed 49280K, reserved 1097728K
  class space    used 5261K, committed 5568K, reserved 1048576K
}
Event: 8.532 GC heap before
{Heap before GC invocations=19 (full 2):
 PSYoungGen      total 23552K, used 23146K [0x00000000eab00000, 0x00000000ec580000, 0x0000000100000000)
  eden space 22016K, 100% used [0x00000000eab00000,0x00000000ec080000,0x00000000ec080000)
  from space 1536K, 73% used [0x00000000ec400000,0x00000000ec51aab0,0x00000000ec580000)
  to   space 1536K, 0% used [0x00000000ec280000,0x00000000ec280000,0x00000000ec400000)
 ParOldGen       total 68608K, used 31090K [0x00000000c0000000, 0x00000000c4300000, 0x00000000eab00000)
  object space 68608K, 45% used [0x00000000c0000000,0x00000000c1e5ca50,0x00000000c4300000)
 Metaspace       used 51432K, committed 52224K, reserved 1097728K
  class space    used 5514K, committed 5888K, reserved 1048576K
}
Event: 8.534 GC heap after
{Heap after GC invocations=19 (full 2):
 PSYoungGen      total 23552K, used 1504K [0x00000000eab00000, 0x00000000ec680000, 0x0000000100000000)
  eden space 22016K, 0% used [0x00000000eab00000,0x00000000eab00000,0x00000000ec080000)
  from space 1536K, 97% used [0x00000000ec280000,0x00000000ec3f8020,0x00000000ec400000)
  to   space 2560K, 0% used [0x00000000ec400000,0x00000000ec400000,0x00000000ec680000)
 ParOldGen       total 68608K, used 32118K [0x00000000c0000000, 0x00000000c4300000, 0x00000000eab00000)
  object space 68608K, 46% used [0x00000000c0000000,0x00000000c1f5da70,0x00000000c4300000)
 Metaspace       used 51432K, committed 52224K, reserved 1097728K
  class space    used 5514K, committed 5888K, reserved 1048576K
}
Event: 9.333 GC heap before
{Heap before GC invocations=20 (full 2):
 PSYoungGen      total 23552K, used 23520K [0x00000000eab00000, 0x00000000ec680000, 0x0000000100000000)
  eden space 22016K, 100% used [0x00000000eab00000,0x00000000ec080000,0x00000000ec080000)
  from space 1536K, 97% used [0x00000000ec280000,0x00000000ec3f8020,0x00000000ec400000)
  to   space 2560K, 0% used [0x00000000ec400000,0x00000000ec400000,0x00000000ec680000)
 ParOldGen       total 68608K, used 32118K [0x00000000c0000000, 0x00000000c4300000, 0x00000000eab00000)
  object space 68608K, 46% used [0x00000000c0000000,0x00000000c1f5da70,0x00000000c4300000)
 Metaspace       used 53808K, committed 54592K, reserved 1097728K
  class space    used 5669K, committed 6016K, reserved 1048576K
}
Event: 9.337 GC heap after
{Heap after GC invocations=20 (full 2):
 PSYoungGen      total 24576K, used 2538K [0x00000000eab00000, 0x00000000ec680000, 0x0000000100000000)
  eden space 22016K, 0% used [0x00000000eab00000,0x00000000eab00000,0x00000000ec080000)
  from space 2560K, 99% used [0x00000000ec400000,0x00000000ec67a830,0x00000000ec680000)
  to   space 1536K, 0% used [0x00000000ec280000,0x00000000ec280000,0x00000000ec400000)
 ParOldGen       total 68608K, used 34987K [0x00000000c0000000, 0x00000000c4300000, 0x00000000eab00000)
  object space 68608K, 50% used [0x00000000c0000000,0x00000000c222ae08,0x00000000c4300000)
 Metaspace       used 53808K, committed 54592K, reserved 1097728K
  class space    used 5669K, committed 6016K, reserved 1048576K
}
Event: 10.086 GC heap before
{Heap before GC invocations=21 (full 2):
 PSYoungGen      total 24576K, used 24554K [0x00000000eab00000, 0x00000000ec680000, 0x0000000100000000)
  eden space 22016K, 100% used [0x00000000eab00000,0x00000000ec080000,0x00000000ec080000)
  from space 2560K, 99% used [0x00000000ec400000,0x00000000ec67a830,0x00000000ec680000)
  to   space 1536K, 0% used [0x00000000ec280000,0x00000000ec280000,0x00000000ec400000)
 ParOldGen       total 68608K, used 34987K [0x00000000c0000000, 0x00000000c4300000, 0x00000000eab00000)
  object space 68608K, 50% used [0x00000000c0000000,0x00000000c222ae08,0x00000000c4300000)
 Metaspace       used 54819K, committed 55552K, reserved 1105920K
  class space    used 5694K, committed 6016K, reserved 1048576K
}
Event: 10.092 GC heap after
{Heap after GC invocations=21 (full 2):
 PSYoungGen      total 23552K, used 1523K [0x00000000eab00000, 0x00000000ec680000, 0x0000000100000000)
  eden space 22016K, 0% used [0x00000000eab00000,0x00000000eab00000,0x00000000ec080000)
  from space 1536K, 99% used [0x00000000ec280000,0x00000000ec3fcf08,0x00000000ec400000)
  to   space 2560K, 0% used [0x00000000ec400000,0x00000000ec400000,0x00000000ec680000)
 ParOldGen       total 68608K, used 42463K [0x00000000c0000000, 0x00000000c4300000, 0x00000000eab00000)
  object space 68608K, 61% used [0x00000000c0000000,0x00000000c2977f78,0x00000000c4300000)
 Metaspace       used 54819K, committed 55552K, reserved 1105920K
  class space    used 5694K, committed 6016K, reserved 1048576K
}

