# JRE version: OpenJDK Runtime Environment Temurin-17.0.2+8 (17.0.2+8) (build 17.0.2+8)
# Java VM: OpenJDK 64-Bit Server VM Temurin-17.0.2+8 (17.0.2+8, mixed mode, tiered, compressed oops, compressed class ptrs, parallel gc, windows-amd64)
GC Precious Log:
 CPUs: 12 total, 12 available
 Memory: 7524M
 Large Page Support: Disabled
 NUMA Support: Disabled
 Compressed Oops: Enabled (32-bit)
 Alignments: Space 512K, Generation 512K, Heap 2M
 Heap Min Capacity: 100M
 Heap Initial Capacity: 100M
 Heap Max Capacity: 1G
 Pre-touch: Disabled
 Parallel Workers: 10
Heap:
 PSYoungGen      total 12288K, used 11821K [0x00000000eab00000, 0x00000000eba00000, 0x0000000100000000)
  eden space 9728K, 95% used [0x00000000eab00000,0x00000000eb411db8,0x00000000eb480000)
  from space 2560K, 98% used [0x00000000eb780000,0x00000000eb9f9690,0x00000000eba00000)
  to   space 2560K, 0% used [0x00000000eb480000,0x00000000eb480000,0x00000000eb700000)
 ParOldGen       total 79872K, used 65608K [0x00000000c0000000, 0x00000000c4e00000, 0x00000000eab00000)
  object space 79872K, 82% used [0x00000000c0000000,0x00000000c4012240,0x00000000c4e00000)
 Metaspace       used 61769K, committed 62592K, reserved 1105920K
  class space    used 6368K, committed 6720K, reserved 1048576K
GC Heap History (20 events):
Event: 6.562 GC heap before
{Heap before GC invocations=28 (full 2):
 PSYoungGen      total 11776K, used 11456K [0x00000000eab00000, 0x00000000ebc80000, 0x0000000100000000)
  eden space 10752K, 100% used [0x00000000eab00000,0x00000000eb580000,0x00000000eb580000)
  from space 1024K, 68% used [0x00000000eb580000,0x00000000eb630000,0x00000000eb680000)
  to   space 3072K, 0% used [0x00000000eb980000,0x00000000eb980000,0x00000000ebc80000)
 ParOldGen       total 68608K, used 58229K [0x00000000c0000000, 0x00000000c4300000, 0x00000000eab00000)
  object space 68608K, 84% used [0x00000000c0000000,0x00000000c38dd768,0x00000000c4300000)
 Metaspace       used 57696K, committed 58496K, reserved 1105920K
  class space    used 5960K, committed 6336K, reserved 1048576K
}
Event: 6.564 GC heap after
{Heap after GC invocations=28 (full 2):
 PSYoungGen      total 12288K, used 3062K [0x00000000eab00000, 0x00000000ec080000, 0x0000000100000000)
  eden space 9216K, 0% used [0x00000000eab00000,0x00000000eab00000,0x00000000eb400000)
  from space 3072K, 99% used [0x00000000eb980000,0x00000000ebc7d9b8,0x00000000ebc80000)
  to   space 5632K, 0% used [0x00000000eb400000,0x00000000eb400000,0x00000000eb980000)
 ParOldGen       total 68608K, used 59775K [0x00000000c0000000, 0x00000000c4300000, 0x00000000eab00000)
  object space 68608K, 87% used [0x00000000c0000000,0x00000000c3a5fd58,0x00000000c4300000)
 Metaspace       used 57696K, committed 58496K, reserved 1105920K
  class space    used 5960K, committed 6336K, reserved 1048576K
}
Event: 6.595 GC heap before
{Heap before GC invocations=29 (full 2):
 PSYoungGen      total 12288K, used 11584K [0x00000000eab00000, 0x00000000ec080000, 0x0000000100000000)
  eden space 9216K, 92% used [0x00000000eab00000,0x00000000eb352960,0x00000000eb400000)
  from space 3072K, 99% used [0x00000000eb980000,0x00000000ebc7d9b8,0x00000000ebc80000)
  to   space 5632K, 0% used [0x00000000eb400000,0x00000000eb400000,0x00000000eb980000)
 ParOldGen       total 68608K, used 59775K [0x00000000c0000000, 0x00000000c4300000, 0x00000000eab00000)
  object space 68608K, 87% used [0x00000000c0000000,0x00000000c3a5fd58,0x00000000c4300000)
 Metaspace       used 57804K, committed 58624K, reserved 1105920K
  class space    used 5967K, committed 6336K, reserved 1048576K
}
Event: 6.596 GC heap after
{Heap after GC invocations=29 (full 2):
 PSYoungGen      total 10752K, used 1119K [0x00000000eab00000, 0x00000000eba00000, 0x0000000100000000)
  eden space 9216K, 0% used [0x00000000eab00000,0x00000000eab00000,0x00000000eb400000)
  from space 1536K, 72% used [0x00000000eb400000,0x00000000eb517c60,0x00000000eb580000)
  to   space 2560K, 0% used [0x00000000eb780000,0x00000000eb780000,0x00000000eba00000)
 ParOldGen       total 68608K, used 60420K [0x00000000c0000000, 0x00000000c4300000, 0x00000000eab00000)
  object space 68608K, 88% used [0x00000000c0000000,0x00000000c3b01140,0x00000000c4300000)
 Metaspace       used 57804K, committed 58624K, reserved 1105920K
  class space    used 5967K, committed 6336K, reserved 1048576K
}
Event: 6.643 GC heap before
{Heap before GC invocations=30 (full 2):
 PSYoungGen      total 10752K, used 10335K [0x00000000eab00000, 0x00000000eba00000, 0x0000000100000000)
  eden space 9216K, 100% used [0x00000000eab00000,0x00000000eb400000,0x00000000eb400000)
  from space 1536K, 72% used [0x00000000eb400000,0x00000000eb517c60,0x00000000eb580000)
  to   space 2560K, 0% used [0x00000000eb780000,0x00000000eb780000,0x00000000eba00000)
 ParOldGen       total 68608K, used 60420K [0x00000000c0000000, 0x00000000c4300000, 0x00000000eab00000)
  object space 68608K, 88% used [0x00000000c0000000,0x00000000c3b01140,0x00000000c4300000)
 Metaspace       used 58006K, committed 58816K, reserved 1105920K
  class space    used 5987K, committed 6336K, reserved 1048576K
}
Event: 6.644 GC heap after
{Heap after GC invocations=30 (full 2):
 PSYoungGen      total 10240K, used 760K [0x00000000eab00000, 0x00000000eb880000, 0x0000000100000000)
  eden space 9216K, 0% used [0x00000000eab00000,0x00000000eab00000,0x00000000eb400000)
  from space 1024K, 74% used [0x00000000eb780000,0x00000000eb83e160,0x00000000eb880000)
  to   space 1536K, 0% used [0x00000000eb580000,0x00000000eb580000,0x00000000eb700000)
 ParOldGen       total 68608K, used 61000K [0x00000000c0000000, 0x00000000c4300000, 0x00000000eab00000)
  object space 68608K, 88% used [0x00000000c0000000,0x00000000c3b92108,0x00000000c4300000)
 Metaspace       used 58006K, committed 58816K, reserved 1105920K
  class space    used 5987K, committed 6336K, reserved 1048576K
}
Event: 6.811 GC heap before
{Heap before GC invocations=31 (full 2):
 PSYoungGen      total 10240K, used 9976K [0x00000000eab00000, 0x00000000eb880000, 0x0000000100000000)
  eden space 9216K, 100% used [0x00000000eab00000,0x00000000eb400000,0x00000000eb400000)
  from space 1024K, 74% used [0x00000000eb780000,0x00000000eb83e160,0x00000000eb880000)
  to   space 1536K, 0% used [0x00000000eb580000,0x00000000eb580000,0x00000000eb700000)
 ParOldGen       total 68608K, used 61000K [0x00000000c0000000, 0x00000000c4300000, 0x00000000eab00000)
  object space 68608K, 88% used [0x00000000c0000000,0x00000000c3b92108,0x00000000c4300000)
 Metaspace       used 58123K, committed 58944K, reserved 1105920K
  class space    used 5988K, committed 6336K, reserved 1048576K
}
Event: 6.812 GC heap after
{Heap after GC invocations=31 (full 2):
 PSYoungGen      total 10752K, used 352K [0x00000000eab00000, 0x00000000eb800000, 0x0000000100000000)
  eden space 9216K, 0% used [0x00000000eab00000,0x00000000eab00000,0x00000000eb400000)
  from space 1536K, 22% used [0x00000000eb580000,0x00000000eb5d8000,0x00000000eb700000)
  to   space 1024K, 0% used [0x00000000eb700000,0x00000000eb700000,0x00000000eb800000)
 ParOldGen       total 68608K, used 61296K [0x00000000c0000000, 0x00000000c4300000, 0x00000000eab00000)
  object space 68608K, 89% used [0x00000000c0000000,0x00000000c3bdc108,0x00000000c4300000)
 Metaspace       used 58123K, committed 58944K, reserved 1105920K
  class space    used 5988K, committed 6336K, reserved 1048576K
}
Event: 6.952 GC heap before
{Heap before GC invocations=32 (full 2):
 PSYoungGen      total 10752K, used 6955K [0x00000000eab00000, 0x00000000eb800000, 0x0000000100000000)
  eden space 9216K, 71% used [0x00000000eab00000,0x00000000eb172cf8,0x00000000eb400000)
  from space 1536K, 22% used [0x00000000eb580000,0x00000000eb5d8000,0x00000000eb700000)
  to   space 1024K, 0% used [0x00000000eb700000,0x00000000eb700000,0x00000000eb800000)
 ParOldGen       total 68608K, used 61296K [0x00000000c0000000, 0x00000000c4300000, 0x00000000eab00000)
  object space 68608K, 89% used [0x00000000c0000000,0x00000000c3bdc108,0x00000000c4300000)
 Metaspace       used 58906K, committed 59776K, reserved 1105920K
  class space    used 6089K, committed 6464K, reserved 1048576K
}
Event: 6.954 GC heap after
{Heap after GC invocations=32 (full 2):
 PSYoungGen      total 10240K, used 535K [0x00000000eab00000, 0x00000000eb800000, 0x0000000100000000)
  eden space 9216K, 0% used [0x00000000eab00000,0x00000000eab00000,0x00000000eb400000)
  from space 1024K, 52% used [0x00000000eb700000,0x00000000eb785f50,0x00000000eb800000)
  to   space 1024K, 0% used [0x00000000eb600000,0x00000000eb600000,0x00000000eb700000)
 ParOldGen       total 68608K, used 62802K [0x00000000c0000000, 0x00000000c4300000, 0x00000000eab00000)
  object space 68608K, 91% used [0x00000000c0000000,0x00000000c3d54888,0x00000000c4300000)
 Metaspace       used 58906K, committed 59776K, reserved 1105920K
  class space    used 6089K, committed 6464K, reserved 1048576K
}
Event: 6.954 GC heap before
{Heap before GC invocations=33 (full 3):
 PSYoungGen      total 10240K, used 535K [0x00000000eab00000, 0x00000000eb800000, 0x0000000100000000)
  eden space 9216K, 0% used [0x00000000eab00000,0x00000000eab00000,0x00000000eb400000)
  from space 1024K, 52% used [0x00000000eb700000,0x00000000eb785f50,0x00000000eb800000)
  to   space 1024K, 0% used [0x00000000eb600000,0x00000000eb600000,0x00000000eb700000)
 ParOldGen       total 68608K, used 62802K [0x00000000c0000000, 0x00000000c4300000, 0x00000000eab00000)
  object space 68608K, 91% used [0x00000000c0000000,0x00000000c3d54888,0x00000000c4300000)
 Metaspace       used 58906K, committed 59776K, reserved 1105920K
  class space    used 6089K, committed 6464K, reserved 1048576K
}
Event: 7.014 GC heap after
{Heap after GC invocations=33 (full 3):
 PSYoungGen      total 10240K, used 0K [0x00000000eab00000, 0x00000000eb800000, 0x0000000100000000)
  eden space 9216K, 0% used [0x00000000eab00000,0x00000000eab00000,0x00000000eb400000)
  from space 1024K, 0% used [0x00000000eb700000,0x00000000eb700000,0x00000000eb800000)
  to   space 1024K, 0% used [0x00000000eb600000,0x00000000eb600000,0x00000000eb700000)
 ParOldGen       total 68608K, used 37285K [0x00000000c0000000, 0x00000000c4300000, 0x00000000eab00000)
  object space 68608K, 54% used [0x00000000c0000000,0x00000000c2469748,0x00000000c4300000)
 Metaspace       used 58906K, committed 59776K, reserved 1105920K
  class space    used 6089K, committed 6464K, reserved 1048576K
}
Event: 7.083 GC heap before
{Heap before GC invocations=34 (full 3):
 PSYoungGen      total 10240K, used 9010K [0x00000000eab00000, 0x00000000eb800000, 0x0000000100000000)
  eden space 9216K, 97% used [0x00000000eab00000,0x00000000eb3cc930,0x00000000eb400000)
  from space 1024K, 0% used [0x00000000eb700000,0x00000000eb700000,0x00000000eb800000)
  to   space 1024K, 0% used [0x00000000eb600000,0x00000000eb600000,0x00000000eb700000)
 ParOldGen       total 68608K, used 37285K [0x00000000c0000000, 0x00000000c4300000, 0x00000000eab00000)
  object space 68608K, 54% used [0x00000000c0000000,0x00000000c2469748,0x00000000c4300000)
 Metaspace       used 60195K, committed 61120K, reserved 1105920K
  class space    used 6199K, committed 6592K, reserved 1048576K
}
Event: 7.084 GC heap after
{Heap after GC invocations=34 (full 3):
 PSYoungGen      total 10240K, used 1024K [0x00000000eab00000, 0x00000000eba00000, 0x0000000100000000)
  eden space 9216K, 0% used [0x00000000eab00000,0x00000000eab00000,0x00000000eb400000)
  from space 1024K, 100% used [0x00000000eb600000,0x00000000eb700000,0x00000000eb700000)
  to   space 3072K, 0% used [0x00000000eb700000,0x00000000eb700000,0x00000000eba00000)
 ParOldGen       total 68608K, used 38647K [0x00000000c0000000, 0x00000000c4300000, 0x00000000eab00000)
  object space 68608K, 56% used [0x00000000c0000000,0x00000000c25bdec8,0x00000000c4300000)
 Metaspace       used 60195K, committed 61120K, reserved 1105920K
  class space    used 6199K, committed 6592K, reserved 1048576K
}
Event: 7.093 GC heap before
{Heap before GC invocations=35 (full 3):
 PSYoungGen      total 10240K, used 6999K [0x00000000eab00000, 0x00000000eba00000, 0x0000000100000000)
  eden space 9216K, 64% used [0x00000000eab00000,0x00000000eb0d5cb8,0x00000000eb400000)
  from space 1024K, 100% used [0x00000000eb600000,0x00000000eb700000,0x00000000eb700000)
  to   space 3072K, 0% used [0x00000000eb700000,0x00000000eb700000,0x00000000eba00000)
 ParOldGen       total 68608K, used 38647K [0x00000000c0000000, 0x00000000c4300000, 0x00000000eab00000)
  object space 68608K, 56% used [0x00000000c0000000,0x00000000c25bdec8,0x00000000c4300000)
 Metaspace       used 60322K, committed 61248K, reserved 1105920K
  class space    used 6212K, committed 6656K, reserved 1048576K
}
Event: 7.097 GC heap after
{Heap after GC invocations=35 (full 3):
 PSYoungGen      total 11776K, used 2267K [0x00000000eab00000, 0x00000000eb980000, 0x0000000100000000)
  eden space 9216K, 0% used [0x00000000eab00000,0x00000000eab00000,0x00000000eb400000)
  from space 2560K, 88% used [0x00000000eb700000,0x00000000eb936c10,0x00000000eb980000)
  to   space 2560K, 0% used [0x00000000eb480000,0x00000000eb480000,0x00000000eb700000)
 ParOldGen       total 68608K, used 42821K [0x00000000c0000000, 0x00000000c4300000, 0x00000000eab00000)
  object space 68608K, 62% used [0x00000000c0000000,0x00000000c29d1540,0x00000000c4300000)
 Metaspace       used 60322K, committed 61248K, reserved 1105920K
  class space    used 6212K, committed 6656K, reserved 1048576K
}
Event: 7.147 GC heap before
{Heap before GC invocations=36 (full 4):
 PSYoungGen      total 11776K, used 10844K [0x00000000eab00000, 0x00000000eb980000, 0x0000000100000000)
  eden space 9216K, 93% used [0x00000000eab00000,0x00000000eb360790,0x00000000eb400000)
  from space 2560K, 88% used [0x00000000eb700000,0x00000000eb936c10,0x00000000eb980000)
  to   space 2560K, 0% used [0x00000000eb480000,0x00000000eb480000,0x00000000eb700000)
 ParOldGen       total 79872K, used 76810K [0x00000000c0000000, 0x00000000c4e00000, 0x00000000eab00000)
  object space 79872K, 96% used [0x00000000c0000000,0x00000000c4b02b00,0x00000000c4e00000)
 Metaspace       used 60684K, committed 61568K, reserved 1105920K
  class space    used 6239K, committed 6656K, reserved 1048576K
}
Event: 7.179 GC heap after
{Heap after GC invocations=36 (full 4):
 PSYoungGen      total 12288K, used 0K [0x00000000eab00000, 0x00000000eba00000, 0x0000000100000000)
  eden space 9728K, 0% used [0x00000000eab00000,0x00000000eab00000,0x00000000eb480000)
  from space 2560K, 0% used [0x00000000eb480000,0x00000000eb480000,0x00000000eb700000)
  to   space 2560K, 0% used [0x00000000eb780000,0x00000000eb780000,0x00000000eba00000)
 ParOldGen       total 79872K, used 51143K [0x00000000c0000000, 0x00000000c4e00000, 0x00000000eab00000)
  object space 79872K, 64% used [0x00000000c0000000,0x00000000c31f1ca0,0x00000000c4e00000)
 Metaspace       used 60684K, committed 61568K, reserved 1105920K
  class space    used 6239K, committed 6656K, reserved 1048576K
}
Event: 7.214 GC heap before
{Heap before GC invocations=37 (full 4):
 PSYoungGen      total 12288K, used 9728K [0x00000000eab00000, 0x00000000eba00000, 0x0000000100000000)
  eden space 9728K, 100% used [0x00000000eab00000,0x00000000eb480000,0x00000000eb480000)
  from space 2560K, 0% used [0x00000000eb480000,0x00000000eb480000,0x00000000eb700000)
  to   space 2560K, 0% used [0x00000000eb780000,0x00000000eb780000,0x00000000eba00000)
 ParOldGen       total 79872K, used 62152K [0x00000000c0000000, 0x00000000c4e00000, 0x00000000eab00000)
  object space 79872K, 77% used [0x00000000c0000000,0x00000000c3cb2240,0x00000000c4e00000)
 Metaspace       used 61253K, committed 62144K, reserved 1105920K
  class space    used 6311K, committed 6720K, reserved 1048576K
}
Event: 7.218 GC heap after
{Heap after GC invocations=37 (full 4):
 PSYoungGen      total 12288K, used 2533K [0x00000000eab00000, 0x00000000eba00000, 0x0000000100000000)
  eden space 9728K, 0% used [0x00000000eab00000,0x00000000eab00000,0x00000000eb480000)
  from space 2560K, 98% used [0x00000000eb780000,0x00000000eb9f9690,0x00000000eba00000)
  to   space 2560K, 0% used [0x00000000eb480000,0x00000000eb480000,0x00000000eb700000)
 ParOldGen       total 79872K, used 65608K [0x00000000c0000000, 0x00000000c4e00000, 0x00000000eab00000)
  object space 79872K, 82% used [0x00000000c0000000,0x00000000c4012240,0x00000000c4e00000)
 Metaspace       used 61253K, committed 62144K, reserved 1105920K
  class space    used 6311K, committed 6720K, reserved 1048576K
}

