# JRE version: OpenJDK Runtime Environment Temurin-17.0.2+8 (17.0.2+8) (build 17.0.2+8)
# Java VM: OpenJDK 64-Bit Server VM Temurin-17.0.2+8 (17.0.2+8, mixed mode, tiered, compressed oops, compressed class ptrs, parallel gc, windows-amd64)
GC Precious Log:
 CPUs: 12 total, 12 available
 Memory: 7524M
 Large Page Support: Disabled
 NUMA Support: Disabled
 Compressed Oops: Enabled (32-bit)
 Alignments: Space 512K, Generation 512K, Heap 2M
 Heap Min Capacity: 100M
 Heap Initial Capacity: 100M
 Heap Max Capacity: 1G
 Pre-touch: Disabled
 Parallel Workers: 10
Heap:
 PSYoungGen      total 15872K, used 10071K [0x00000000eab00000, 0x00000000ec100000, 0x0000000100000000)
  eden space 12288K, 55% used [0x00000000eab00000,0x00000000eb1adcf8,0x00000000eb700000)
  from space 3584K, 90% used [0x00000000eb700000,0x00000000eba28000,0x00000000eba80000)
  to   space 5120K, 0% used [0x00000000ebc00000,0x00000000ebc00000,0x00000000ec100000)
 ParOldGen       total 68608K, used 44788K [0x00000000c0000000, 0x00000000c4300000, 0x00000000eab00000)
  object space 68608K, 65% used [0x00000000c0000000,0x00000000c2bbd288,0x00000000c4300000)
 Metaspace       used 55359K, committed 56064K, reserved 1105920K
  class space    used 5709K, committed 6016K, reserved 1048576K
GC Heap History (20 events):
Event: 4.106 GC heap before
{Heap before GC invocations=14 (full 2):
 PSYoungGen      total 24576K, used 24512K [0x00000000eab00000, 0x00000000ec780000, 0x0000000100000000)
  eden space 22016K, 100% used [0x00000000eab00000,0x00000000ec080000,0x00000000ec080000)
  from space 2560K, 97% used [0x00000000ec100000,0x00000000ec370010,0x00000000ec380000)
  to   space 3584K, 0% used [0x00000000ec400000,0x00000000ec400000,0x00000000ec780000)
 ParOldGen       total 68608K, used 21760K [0x00000000c0000000, 0x00000000c4300000, 0x00000000eab00000)
  object space 68608K, 31% used [0x00000000c0000000,0x00000000c15400c8,0x00000000c4300000)
 Metaspace       used 39897K, committed 40640K, reserved 1089536K
  class space    used 4246K, committed 4544K, reserved 1048576K
}
Event: 4.110 GC heap after
{Heap after GC invocations=14 (full 2):
 PSYoungGen      total 24576K, used 2451K [0x00000000eab00000, 0x00000000ec680000, 0x0000000100000000)
  eden space 22016K, 0% used [0x00000000eab00000,0x00000000eab00000,0x00000000ec080000)
  from space 2560K, 95% used [0x00000000ec400000,0x00000000ec664e50,0x00000000ec680000)
  to   space 3072K, 0% used [0x00000000ec080000,0x00000000ec080000,0x00000000ec380000)
 ParOldGen       total 68608K, used 24128K [0x00000000c0000000, 0x00000000c4300000, 0x00000000eab00000)
  object space 68608K, 35% used [0x00000000c0000000,0x00000000c17900d8,0x00000000c4300000)
 Metaspace       used 39897K, committed 40640K, reserved 1089536K
  class space    used 4246K, committed 4544K, reserved 1048576K
}
Event: 4.169 GC heap before
{Heap before GC invocations=15 (full 2):
 PSYoungGen      total 24576K, used 24467K [0x00000000eab00000, 0x00000000ec680000, 0x0000000100000000)
  eden space 22016K, 100% used [0x00000000eab00000,0x00000000ec080000,0x00000000ec080000)
  from space 2560K, 95% used [0x00000000ec400000,0x00000000ec664e50,0x00000000ec680000)
  to   space 3072K, 0% used [0x00000000ec080000,0x00000000ec080000,0x00000000ec380000)
 ParOldGen       total 68608K, used 24128K [0x00000000c0000000, 0x00000000c4300000, 0x00000000eab00000)
  object space 68608K, 35% used [0x00000000c0000000,0x00000000c17900d8,0x00000000c4300000)
 Metaspace       used 40361K, committed 41088K, reserved 1089536K
  class space    used 4281K, committed 4608K, reserved 1048576K
}
Event: 4.174 GC heap after
{Heap after GC invocations=15 (full 2):
 PSYoungGen      total 24576K, used 2393K [0x00000000eab00000, 0x00000000ec580000, 0x0000000100000000)
  eden space 22016K, 0% used [0x00000000eab00000,0x00000000eab00000,0x00000000ec080000)
  from space 2560K, 93% used [0x00000000ec080000,0x00000000ec2d6480,0x00000000ec300000)
  to   space 2560K, 0% used [0x00000000ec300000,0x00000000ec300000,0x00000000ec580000)
 ParOldGen       total 68608K, used 26376K [0x00000000c0000000, 0x00000000c4300000, 0x00000000eab00000)
  object space 68608K, 38% used [0x00000000c0000000,0x00000000c19c20d8,0x00000000c4300000)
 Metaspace       used 40361K, committed 41088K, reserved 1089536K
  class space    used 4281K, committed 4608K, reserved 1048576K
}
Event: 4.361 GC heap before
{Heap before GC invocations=16 (full 2):
 PSYoungGen      total 24576K, used 24409K [0x00000000eab00000, 0x00000000ec580000, 0x0000000100000000)
  eden space 22016K, 100% used [0x00000000eab00000,0x00000000ec080000,0x00000000ec080000)
  from space 2560K, 93% used [0x00000000ec080000,0x00000000ec2d6480,0x00000000ec300000)
  to   space 2560K, 0% used [0x00000000ec300000,0x00000000ec300000,0x00000000ec580000)
 ParOldGen       total 68608K, used 26376K [0x00000000c0000000, 0x00000000c4300000, 0x00000000eab00000)
  object space 68608K, 38% used [0x00000000c0000000,0x00000000c19c20d8,0x00000000c4300000)
 Metaspace       used 42154K, committed 42816K, reserved 1089536K
  class space    used 4501K, committed 4800K, reserved 1048576K
}
Event: 4.364 GC heap after
{Heap after GC invocations=16 (full 2):
 PSYoungGen      total 23552K, used 1312K [0x00000000eab00000, 0x00000000ec480000, 0x0000000100000000)
  eden space 22016K, 0% used [0x00000000eab00000,0x00000000eab00000,0x00000000ec080000)
  from space 1536K, 85% used [0x00000000ec300000,0x00000000ec448000,0x00000000ec480000)
  to   space 2048K, 0% used [0x00000000ec080000,0x00000000ec080000,0x00000000ec280000)
 ParOldGen       total 68608K, used 28440K [0x00000000c0000000, 0x00000000c4300000, 0x00000000eab00000)
  object space 68608K, 41% used [0x00000000c0000000,0x00000000c1bc60d8,0x00000000c4300000)
 Metaspace       used 42154K, committed 42816K, reserved 1089536K
  class space    used 4501K, committed 4800K, reserved 1048576K
}
Event: 4.688 GC heap before
{Heap before GC invocations=17 (full 2):
 PSYoungGen      total 23552K, used 23328K [0x00000000eab00000, 0x00000000ec480000, 0x0000000100000000)
  eden space 22016K, 100% used [0x00000000eab00000,0x00000000ec080000,0x00000000ec080000)
  from space 1536K, 85% used [0x00000000ec300000,0x00000000ec448000,0x00000000ec480000)
  to   space 2048K, 0% used [0x00000000ec080000,0x00000000ec080000,0x00000000ec280000)
 ParOldGen       total 68608K, used 28440K [0x00000000c0000000, 0x00000000c4300000, 0x00000000eab00000)
  object space 68608K, 41% used [0x00000000c0000000,0x00000000c1bc60d8,0x00000000c4300000)
 Metaspace       used 46051K, committed 46784K, reserved 1097728K
  class space    used 4983K, committed 5312K, reserved 1048576K
}
Event: 4.690 GC heap after
{Heap after GC invocations=17 (full 2):
 PSYoungGen      total 23552K, used 1380K [0x00000000eab00000, 0x00000000ec380000, 0x0000000100000000)
  eden space 22016K, 0% used [0x00000000eab00000,0x00000000eab00000,0x00000000ec080000)
  from space 1536K, 89% used [0x00000000ec080000,0x00000000ec1d9168,0x00000000ec200000)
  to   space 1536K, 0% used [0x00000000ec200000,0x00000000ec200000,0x00000000ec380000)
 ParOldGen       total 68608K, used 29584K [0x00000000c0000000, 0x00000000c4300000, 0x00000000eab00000)
  object space 68608K, 43% used [0x00000000c0000000,0x00000000c1ce40d8,0x00000000c4300000)
 Metaspace       used 46051K, committed 46784K, reserved 1097728K
  class space    used 4983K, committed 5312K, reserved 1048576K
}
Event: 5.030 GC heap before
{Heap before GC invocations=18 (full 2):
 PSYoungGen      total 23552K, used 23396K [0x00000000eab00000, 0x00000000ec380000, 0x0000000100000000)
  eden space 22016K, 100% used [0x00000000eab00000,0x00000000ec080000,0x00000000ec080000)
  from space 1536K, 89% used [0x00000000ec080000,0x00000000ec1d9168,0x00000000ec200000)
  to   space 1536K, 0% used [0x00000000ec200000,0x00000000ec200000,0x00000000ec380000)
 ParOldGen       total 68608K, used 29584K [0x00000000c0000000, 0x00000000c4300000, 0x00000000eab00000)
  object space 68608K, 43% used [0x00000000c0000000,0x00000000c1ce40d8,0x00000000c4300000)
 Metaspace       used 49982K, committed 50688K, reserved 1097728K
  class space    used 5394K, committed 5696K, reserved 1048576K
}
Event: 5.031 GC heap after
{Heap after GC invocations=18 (full 2):
 PSYoungGen      total 21504K, used 1504K [0x00000000eab00000, 0x00000000ec780000, 0x0000000100000000)
  eden space 19968K, 0% used [0x00000000eab00000,0x00000000eab00000,0x00000000ebe80000)
  from space 1536K, 97% used [0x00000000ec200000,0x00000000ec378028,0x00000000ec380000)
  to   space 3584K, 0% used [0x00000000ebe80000,0x00000000ebe80000,0x00000000ec200000)
 ParOldGen       total 68608K, used 30971K [0x00000000c0000000, 0x00000000c4300000, 0x00000000eab00000)
  object space 68608K, 45% used [0x00000000c0000000,0x00000000c1e3ede8,0x00000000c4300000)
 Metaspace       used 49982K, committed 50688K, reserved 1097728K
  class space    used 5394K, committed 5696K, reserved 1048576K
}
Event: 5.848 GC heap before
{Heap before GC invocations=19 (full 2):
 PSYoungGen      total 21504K, used 21472K [0x00000000eab00000, 0x00000000ec780000, 0x0000000100000000)
  eden space 19968K, 100% used [0x00000000eab00000,0x00000000ebe80000,0x00000000ebe80000)
  from space 1536K, 97% used [0x00000000ec200000,0x00000000ec378028,0x00000000ec380000)
  to   space 3584K, 0% used [0x00000000ebe80000,0x00000000ebe80000,0x00000000ec200000)
 ParOldGen       total 68608K, used 30971K [0x00000000c0000000, 0x00000000c4300000, 0x00000000eab00000)
  object space 68608K, 45% used [0x00000000c0000000,0x00000000c1e3ede8,0x00000000c4300000)
 Metaspace       used 50895K, committed 51584K, reserved 1097728K
  class space    used 5451K, committed 5760K, reserved 1048576K
}
Event: 5.850 GC heap after
{Heap after GC invocations=19 (full 2):
 PSYoungGen      total 20992K, used 656K [0x00000000eab00000, 0x00000000ec280000, 0x0000000100000000)
  eden space 19968K, 0% used [0x00000000eab00000,0x00000000eab00000,0x00000000ebe80000)
  from space 1024K, 64% used [0x00000000ebe80000,0x00000000ebf24010,0x00000000ebf80000)
  to   space 1536K, 0% used [0x00000000ec100000,0x00000000ec100000,0x00000000ec280000)
 ParOldGen       total 68608K, used 32484K [0x00000000c0000000, 0x00000000c4300000, 0x00000000eab00000)
  object space 68608K, 47% used [0x00000000c0000000,0x00000000c1fb90f8,0x00000000c4300000)
 Metaspace       used 50895K, committed 51584K, reserved 1097728K
  class space    used 5451K, committed 5760K, reserved 1048576K
}
Event: 6.170 GC heap before
{Heap before GC invocations=20 (full 2):
 PSYoungGen      total 20992K, used 20624K [0x00000000eab00000, 0x00000000ec280000, 0x0000000100000000)
  eden space 19968K, 100% used [0x00000000eab00000,0x00000000ebe80000,0x00000000ebe80000)
  from space 1024K, 64% used [0x00000000ebe80000,0x00000000ebf24010,0x00000000ebf80000)
  to   space 1536K, 0% used [0x00000000ec100000,0x00000000ec100000,0x00000000ec280000)
 ParOldGen       total 68608K, used 32484K [0x00000000c0000000, 0x00000000c4300000, 0x00000000eab00000)
  object space 68608K, 47% used [0x00000000c0000000,0x00000000c1fb90f8,0x00000000c4300000)
 Metaspace       used 53082K, committed 53824K, reserved 1097728K
  class space    used 5642K, committed 5952K, reserved 1048576K
}
Event: 6.173 GC heap after
{Heap after GC invocations=20 (full 2):
 PSYoungGen      total 18944K, used 1527K [0x00000000eab00000, 0x00000000ec880000, 0x0000000100000000)
  eden space 17408K, 0% used [0x00000000eab00000,0x00000000eab00000,0x00000000ebc00000)
  from space 1536K, 99% used [0x00000000ec100000,0x00000000ec27dce8,0x00000000ec280000)
  to   space 5120K, 0% used [0x00000000ebc00000,0x00000000ebc00000,0x00000000ec100000)
 ParOldGen       total 68608K, used 35177K [0x00000000c0000000, 0x00000000c4300000, 0x00000000eab00000)
  object space 68608K, 51% used [0x00000000c0000000,0x00000000c225a490,0x00000000c4300000)
 Metaspace       used 53082K, committed 53824K, reserved 1097728K
  class space    used 5642K, committed 5952K, reserved 1048576K
}
Event: 6.651 GC heap before
{Heap before GC invocations=21 (full 2):
 PSYoungGen      total 18944K, used 18935K [0x00000000eab00000, 0x00000000ec880000, 0x0000000100000000)
  eden space 17408K, 100% used [0x00000000eab00000,0x00000000ebc00000,0x00000000ebc00000)
  from space 1536K, 99% used [0x00000000ec100000,0x00000000ec27dce8,0x00000000ec280000)
  to   space 5120K, 0% used [0x00000000ebc00000,0x00000000ebc00000,0x00000000ec100000)
 ParOldGen       total 68608K, used 35177K [0x00000000c0000000, 0x00000000c4300000, 0x00000000eab00000)
  object space 68608K, 51% used [0x00000000c0000000,0x00000000c225a490,0x00000000c4300000)
 Metaspace       used 54328K, committed 55168K, reserved 1105920K
  class space    used 5678K, committed 6016K, reserved 1048576K
}
Event: 6.656 GC heap after
{Heap after GC invocations=21 (full 2):
 PSYoungGen      total 20992K, used 3187K [0x00000000eab00000, 0x00000000ec300000, 0x0000000100000000)
  eden space 17408K, 0% used [0x00000000eab00000,0x00000000eab00000,0x00000000ebc00000)
  from space 3584K, 88% used [0x00000000ebc00000,0x00000000ebf1cd60,0x00000000ebf80000)
  to   space 3584K, 0% used [0x00000000ebf80000,0x00000000ebf80000,0x00000000ec300000)
 ParOldGen       total 68608K, used 36670K [0x00000000c0000000, 0x00000000c4300000, 0x00000000eab00000)
  object space 68608K, 53% used [0x00000000c0000000,0x00000000c23cf978,0x00000000c4300000)
 Metaspace       used 54328K, committed 55168K, reserved 1105920K
  class space    used 5678K, committed 6016K, reserved 1048576K
}
Event: 7.048 GC heap before
{Heap before GC invocations=22 (full 2):
 PSYoungGen      total 20992K, used 20592K [0x00000000eab00000, 0x00000000ec300000, 0x0000000100000000)
  eden space 17408K, 99% used [0x00000000eab00000,0x00000000ebbff650,0x00000000ebc00000)
  from space 3584K, 88% used [0x00000000ebc00000,0x00000000ebf1cd60,0x00000000ebf80000)
  to   space 3584K, 0% used [0x00000000ebf80000,0x00000000ebf80000,0x00000000ec300000)
 ParOldGen       total 68608K, used 36670K [0x00000000c0000000, 0x00000000c4300000, 0x00000000eab00000)
  object space 68608K, 53% used [0x00000000c0000000,0x00000000c23cf978,0x00000000c4300000)
 Metaspace       used 54989K, committed 55744K, reserved 1105920K
  class space    used 5694K, committed 6016K, reserved 1048576K
}
Event: 7.052 GC heap after
{Heap after GC invocations=22 (full 2):
 PSYoungGen      total 15872K, used 3582K [0x00000000eab00000, 0x00000000ecd00000, 0x0000000100000000)
  eden space 12288K, 0% used [0x00000000eab00000,0x00000000eab00000,0x00000000eb700000)
  from space 3584K, 99% used [0x00000000ebf80000,0x00000000ec2ff810,0x00000000ec300000)
  to   space 8704K, 0% used [0x00000000eb700000,0x00000000eb700000,0x00000000ebf80000)
 ParOldGen       total 68608K, used 40917K [0x00000000c0000000, 0x00000000c4300000, 0x00000000eab00000)
  object space 68608K, 59% used [0x00000000c0000000,0x00000000c27f5558,0x00000000c4300000)
 Metaspace       used 54989K, committed 55744K, reserved 1105920K
  class space    used 5694K, committed 6016K, reserved 1048576K
}
Event: 7.316 GC heap before
{Heap before GC invocations=23 (full 2):
 PSYoungGen      total 15872K, used 15870K [0x00000000eab00000, 0x00000000ecd00000, 0x0000000100000000)
  eden space 12288K, 100% used [0x00000000eab00000,0x00000000eb700000,0x00000000eb700000)
  from space 3584K, 99% used [0x00000000ebf80000,0x00000000ec2ff810,0x00000000ec300000)
  to   space 8704K, 0% used [0x00000000eb700000,0x00000000eb700000,0x00000000ebf80000)
 ParOldGen       total 68608K, used 40917K [0x00000000c0000000, 0x00000000c4300000, 0x00000000eab00000)
  object space 68608K, 59% used [0x00000000c0000000,0x00000000c27f5558,0x00000000c4300000)
 Metaspace       used 55227K, committed 56000K, reserved 1105920K
  class space    used 5708K, committed 6016K, reserved 1048576K
}
Event: 7.320 GC heap after
{Heap after GC invocations=23 (full 2):
 PSYoungGen      total 15872K, used 3232K [0x00000000eab00000, 0x00000000ec100000, 0x0000000100000000)
  eden space 12288K, 0% used [0x00000000eab00000,0x00000000eab00000,0x00000000eb700000)
  from space 3584K, 90% used [0x00000000eb700000,0x00000000eba28000,0x00000000eba80000)
  to   space 5120K, 0% used [0x00000000ebc00000,0x00000000ebc00000,0x00000000ec100000)
 ParOldGen       total 68608K, used 44788K [0x00000000c0000000, 0x00000000c4300000, 0x00000000eab00000)
  object space 68608K, 65% used [0x00000000c0000000,0x00000000c2bbd288,0x00000000c4300000)
 Metaspace       used 55227K, committed 56000K, reserved 1105920K
  class space    used 5708K, committed 6016K, reserved 1048576K
}

