# JRE version: OpenJDK Runtime Environment Temurin-17.0.2+8 (17.0.2+8) (build 17.0.2+8)
# Java VM: OpenJDK 64-Bit Server VM Temurin-17.0.2+8 (17.0.2+8, mixed mode, tiered, compressed oops, compressed class ptrs, parallel gc, windows-amd64)
GC Precious Log:
 CPUs: 12 total, 12 available
 Memory: 7524M
 Large Page Support: Disabled
 NUMA Support: Disabled
 Compressed Oops: Enabled (32-bit)
 Alignments: Space 512K, Generation 512K, Heap 2M
 Heap Min Capacity: 100M
 Heap Initial Capacity: 100M
 Heap Max Capacity: 1G
 Pre-touch: Disabled
 Parallel Workers: 10
Heap:
 PSYoungGen      total 10752K, used 5847K [0x00000000eab00000, 0x00000000ebb80000, 0x0000000100000000)
  eden space 5632K, 14% used [0x00000000eab00000,0x00000000eabc6788,0x00000000eb080000)
  from space 5120K, 98% used [0x00000000eb680000,0x00000000ebb6f800,0x00000000ebb80000)
  to   space 5632K, 0% used [0x00000000eb080000,0x00000000eb080000,0x00000000eb600000)
 ParOldGen       total 111616K, used 95799K [0x00000000c0000000, 0x00000000c6d00000, 0x00000000eab00000)
  object space 111616K, 85% used [0x00000000c0000000,0x00000000c5d8df50,0x00000000c6d00000)
 Metaspace       used 66504K, committed 67392K, reserved 1114112K
  class space    used 6962K, committed 7360K, reserved 1048576K
GC Heap History (20 events):
Event: 16.669 GC heap before
{Heap before GC invocations=38 (full 5):
 PSYoungGen      total 11264K, used 11213K [0x00000000eab00000, 0x00000000ebb80000, 0x0000000100000000)
  eden space 6656K, 100% used [0x00000000eab00000,0x00000000eb180000,0x00000000eb180000)
  from space 4608K, 98% used [0x00000000eb700000,0x00000000ebb737f0,0x00000000ebb80000)
  to   space 5120K, 0% used [0x00000000eb180000,0x00000000eb180000,0x00000000eb680000)
 ParOldGen       total 111616K, used 88413K [0x00000000c0000000, 0x00000000c6d00000, 0x00000000eab00000)
  object space 111616K, 79% used [0x00000000c0000000,0x00000000c56577d8,0x00000000c6d00000)
 Metaspace       used 65502K, committed 66368K, reserved 1114112K
  class space    used 6869K, committed 7232K, reserved 1048576K
}
Event: 16.671 GC heap after
{Heap after GC invocations=38 (full 5):
 PSYoungGen      total 8704K, used 1792K [0x00000000eab00000, 0x00000000eb880000, 0x0000000100000000)
  eden space 6656K, 0% used [0x00000000eab00000,0x00000000eab00000,0x00000000eb180000)
  from space 2048K, 87% used [0x00000000eb180000,0x00000000eb340000,0x00000000eb380000)
  to   space 3072K, 0% used [0x00000000eb580000,0x00000000eb580000,0x00000000eb880000)
 ParOldGen       total 111616K, used 88413K [0x00000000c0000000, 0x00000000c6d00000, 0x00000000eab00000)
  object space 111616K, 79% used [0x00000000c0000000,0x00000000c56577d8,0x00000000c6d00000)
 Metaspace       used 65502K, committed 66368K, reserved 1114112K
  class space    used 6869K, committed 7232K, reserved 1048576K
}
Event: 238.629 GC heap before
{Heap before GC invocations=39 (full 5):
 PSYoungGen      total 8704K, used 8448K [0x00000000eab00000, 0x00000000eb880000, 0x0000000100000000)
  eden space 6656K, 100% used [0x00000000eab00000,0x00000000eb180000,0x00000000eb180000)
  from space 2048K, 87% used [0x00000000eb180000,0x00000000eb340000,0x00000000eb380000)
  to   space 3072K, 0% used [0x00000000eb580000,0x00000000eb580000,0x00000000eb880000)
 ParOldGen       total 111616K, used 88413K [0x00000000c0000000, 0x00000000c6d00000, 0x00000000eab00000)
  object space 111616K, 79% used [0x00000000c0000000,0x00000000c56577d8,0x00000000c6d00000)
 Metaspace       used 66035K, committed 66816K, reserved 1114112K
  class space    used 6936K, committed 7296K, reserved 1048576K
}
Event: 238.631 GC heap after
{Heap after GC invocations=39 (full 5):
 PSYoungGen      total 8704K, used 3053K [0x00000000eab00000, 0x00000000ebb80000, 0x0000000100000000)
  eden space 5632K, 0% used [0x00000000eab00000,0x00000000eab00000,0x00000000eb080000)
  from space 3072K, 99% used [0x00000000eb580000,0x00000000eb87b7f0,0x00000000eb880000)
  to   space 5120K, 0% used [0x00000000eb080000,0x00000000eb080000,0x00000000eb580000)
 ParOldGen       total 111616K, used 89837K [0x00000000c0000000, 0x00000000c6d00000, 0x00000000eab00000)
  object space 111616K, 80% used [0x00000000c0000000,0x00000000c57bb7d8,0x00000000c6d00000)
 Metaspace       used 66035K, committed 66816K, reserved 1114112K
  class space    used 6936K, committed 7296K, reserved 1048576K
}
Event: 238.655 GC heap before
{Heap before GC invocations=40 (full 5):
 PSYoungGen      total 8704K, used 8685K [0x00000000eab00000, 0x00000000ebb80000, 0x0000000100000000)
  eden space 5632K, 100% used [0x00000000eab00000,0x00000000eb080000,0x00000000eb080000)
  from space 3072K, 99% used [0x00000000eb580000,0x00000000eb87b7f0,0x00000000eb880000)
  to   space 5120K, 0% used [0x00000000eb080000,0x00000000eb080000,0x00000000eb580000)
 ParOldGen       total 111616K, used 89837K [0x00000000c0000000, 0x00000000c6d00000, 0x00000000eab00000)
  object space 111616K, 80% used [0x00000000c0000000,0x00000000c57bb7d8,0x00000000c6d00000)
 Metaspace       used 66035K, committed 66816K, reserved 1114112K
  class space    used 6936K, committed 7296K, reserved 1048576K
}
Event: 238.657 GC heap after
{Heap after GC invocations=40 (full 5):
 PSYoungGen      total 9216K, used 3309K [0x00000000eab00000, 0x00000000eb880000, 0x0000000100000000)
  eden space 5632K, 0% used [0x00000000eab00000,0x00000000eab00000,0x00000000eb080000)
  from space 3584K, 92% used [0x00000000eb080000,0x00000000eb3bb7f0,0x00000000eb400000)
  to   space 4096K, 0% used [0x00000000eb480000,0x00000000eb480000,0x00000000eb880000)
 ParOldGen       total 111616K, used 91501K [0x00000000c0000000, 0x00000000c6d00000, 0x00000000eab00000)
  object space 111616K, 81% used [0x00000000c0000000,0x00000000c595b7d8,0x00000000c6d00000)
 Metaspace       used 66035K, committed 66816K, reserved 1114112K
  class space    used 6936K, committed 7296K, reserved 1048576K
}
Event: 243.631 GC heap before
{Heap before GC invocations=41 (full 5):
 PSYoungGen      total 9216K, used 8308K [0x00000000eab00000, 0x00000000eb880000, 0x0000000100000000)
  eden space 5632K, 88% used [0x00000000eab00000,0x00000000eafe1990,0x00000000eb080000)
  from space 3584K, 92% used [0x00000000eb080000,0x00000000eb3bb7f0,0x00000000eb400000)
  to   space 4096K, 0% used [0x00000000eb480000,0x00000000eb480000,0x00000000eb880000)
 ParOldGen       total 111616K, used 91501K [0x00000000c0000000, 0x00000000c6d00000, 0x00000000eab00000)
  object space 111616K, 81% used [0x00000000c0000000,0x00000000c595b7d8,0x00000000c6d00000)
 Metaspace       used 66130K, committed 66944K, reserved 1114112K
  class space    used 6945K, committed 7296K, reserved 1048576K
}
Event: 243.633 GC heap after
{Heap after GC invocations=41 (full 5):
 PSYoungGen      total 7168K, used 1072K [0x00000000eab00000, 0x00000000eb600000, 0x0000000100000000)
  eden space 5632K, 0% used [0x00000000eab00000,0x00000000eab00000,0x00000000eb080000)
  from space 1536K, 69% used [0x00000000eb480000,0x00000000eb58c010,0x00000000eb600000)
  to   space 2048K, 0% used [0x00000000eb200000,0x00000000eb200000,0x00000000eb400000)
 ParOldGen       total 111616K, used 91501K [0x00000000c0000000, 0x00000000c6d00000, 0x00000000eab00000)
  object space 111616K, 81% used [0x00000000c0000000,0x00000000c595b7d8,0x00000000c6d00000)
 Metaspace       used 66130K, committed 66944K, reserved 1114112K
  class space    used 6945K, committed 7296K, reserved 1048576K
}
Event: 243.658 GC heap before
{Heap before GC invocations=42 (full 5):
 PSYoungGen      total 7168K, used 5266K [0x00000000eab00000, 0x00000000eb600000, 0x0000000100000000)
  eden space 5632K, 74% used [0x00000000eab00000,0x00000000eaf18be8,0x00000000eb080000)
  from space 1536K, 69% used [0x00000000eb480000,0x00000000eb58c010,0x00000000eb600000)
  to   space 2048K, 0% used [0x00000000eb200000,0x00000000eb200000,0x00000000eb400000)
 ParOldGen       total 111616K, used 91501K [0x00000000c0000000, 0x00000000c6d00000, 0x00000000eab00000)
  object space 111616K, 81% used [0x00000000c0000000,0x00000000c595b7d8,0x00000000c6d00000)
 Metaspace       used 66266K, committed 67136K, reserved 1114112K
  class space    used 6960K, committed 7360K, reserved 1048576K
}
Event: 243.659 GC heap after
{Heap after GC invocations=42 (full 5):
 PSYoungGen      total 7168K, used 1197K [0x00000000eab00000, 0x00000000eb500000, 0x0000000100000000)
  eden space 5632K, 0% used [0x00000000eab00000,0x00000000eab00000,0x00000000eb080000)
  from space 1536K, 77% used [0x00000000eb200000,0x00000000eb32b680,0x00000000eb380000)
  to   space 1536K, 0% used [0x00000000eb380000,0x00000000eb380000,0x00000000eb500000)
 ParOldGen       total 111616K, used 91501K [0x00000000c0000000, 0x00000000c6d00000, 0x00000000eab00000)
  object space 111616K, 81% used [0x00000000c0000000,0x00000000c595b7d8,0x00000000c6d00000)
 Metaspace       used 66266K, committed 67136K, reserved 1114112K
  class space    used 6960K, committed 7360K, reserved 1048576K
}
Event: 243.689 GC heap before
{Heap before GC invocations=43 (full 5):
 PSYoungGen      total 7168K, used 5941K [0x00000000eab00000, 0x00000000eb500000, 0x0000000100000000)
  eden space 5632K, 84% used [0x00000000eab00000,0x00000000eafa1fd8,0x00000000eb080000)
  from space 1536K, 77% used [0x00000000eb200000,0x00000000eb32b680,0x00000000eb380000)
  to   space 1536K, 0% used [0x00000000eb380000,0x00000000eb380000,0x00000000eb500000)
 ParOldGen       total 111616K, used 91501K [0x00000000c0000000, 0x00000000c6d00000, 0x00000000eab00000)
  object space 111616K, 81% used [0x00000000c0000000,0x00000000c595b7d8,0x00000000c6d00000)
 Metaspace       used 66273K, committed 67136K, reserved 1114112K
  class space    used 6961K, committed 7360K, reserved 1048576K
}
Event: 243.690 GC heap after
{Heap after GC invocations=43 (full 5):
 PSYoungGen      total 7168K, used 1375K [0x00000000eab00000, 0x00000000eb500000, 0x0000000100000000)
  eden space 5632K, 0% used [0x00000000eab00000,0x00000000eab00000,0x00000000eb080000)
  from space 1536K, 89% used [0x00000000eb380000,0x00000000eb4d7cc8,0x00000000eb500000)
  to   space 1536K, 0% used [0x00000000eb200000,0x00000000eb200000,0x00000000eb380000)
 ParOldGen       total 111616K, used 91501K [0x00000000c0000000, 0x00000000c6d00000, 0x00000000eab00000)
  object space 111616K, 81% used [0x00000000c0000000,0x00000000c595b7d8,0x00000000c6d00000)
 Metaspace       used 66273K, committed 67136K, reserved 1114112K
  class space    used 6961K, committed 7360K, reserved 1048576K
}
Event: 244.092 GC heap before
{Heap before GC invocations=44 (full 5):
 PSYoungGen      total 7168K, used 7007K [0x00000000eab00000, 0x00000000eb500000, 0x0000000100000000)
  eden space 5632K, 99% used [0x00000000eab00000,0x00000000eb07ffe0,0x00000000eb080000)
  from space 1536K, 89% used [0x00000000eb380000,0x00000000eb4d7cc8,0x00000000eb500000)
  to   space 1536K, 0% used [0x00000000eb200000,0x00000000eb200000,0x00000000eb380000)
 ParOldGen       total 111616K, used 91501K [0x00000000c0000000, 0x00000000c6d00000, 0x00000000eab00000)
  object space 111616K, 81% used [0x00000000c0000000,0x00000000c595b7d8,0x00000000c6d00000)
 Metaspace       used 66352K, committed 67264K, reserved 1114112K
  class space    used 6962K, committed 7360K, reserved 1048576K
}
Event: 244.093 GC heap after
{Heap after GC invocations=44 (full 5):
 PSYoungGen      total 7168K, used 1509K [0x00000000eab00000, 0x00000000eb480000, 0x0000000100000000)
  eden space 5632K, 0% used [0x00000000eab00000,0x00000000eab00000,0x00000000eb080000)
  from space 1536K, 98% used [0x00000000eb200000,0x00000000eb379458,0x00000000eb380000)
  to   space 1024K, 0% used [0x00000000eb380000,0x00000000eb380000,0x00000000eb480000)
 ParOldGen       total 111616K, used 91618K [0x00000000c0000000, 0x00000000c6d00000, 0x00000000eab00000)
  object space 111616K, 82% used [0x00000000c0000000,0x00000000c59789f0,0x00000000c6d00000)
 Metaspace       used 66352K, committed 67264K, reserved 1114112K
  class space    used 6962K, committed 7360K, reserved 1048576K
}
Event: 258.613 GC heap before
{Heap before GC invocations=45 (full 5):
 PSYoungGen      total 7168K, used 7141K [0x00000000eab00000, 0x00000000eb480000, 0x0000000100000000)
  eden space 5632K, 100% used [0x00000000eab00000,0x00000000eb080000,0x00000000eb080000)
  from space 1536K, 98% used [0x00000000eb200000,0x00000000eb379458,0x00000000eb380000)
  to   space 1024K, 0% used [0x00000000eb380000,0x00000000eb380000,0x00000000eb480000)
 ParOldGen       total 111616K, used 91618K [0x00000000c0000000, 0x00000000c6d00000, 0x00000000eab00000)
  object space 111616K, 82% used [0x00000000c0000000,0x00000000c59789f0,0x00000000c6d00000)
 Metaspace       used 66452K, committed 67328K, reserved 1114112K
  class space    used 6962K, committed 7360K, reserved 1048576K
}
Event: 258.614 GC heap after
{Heap after GC invocations=45 (full 5):
 PSYoungGen      total 6656K, used 1013K [0x00000000eab00000, 0x00000000eb580000, 0x0000000100000000)
  eden space 5632K, 0% used [0x00000000eab00000,0x00000000eab00000,0x00000000eb080000)
  from space 1024K, 98% used [0x00000000eb380000,0x00000000eb47d448,0x00000000eb480000)
  to   space 2560K, 0% used [0x00000000eb080000,0x00000000eb080000,0x00000000eb300000)
 ParOldGen       total 111616K, used 92607K [0x00000000c0000000, 0x00000000c6d00000, 0x00000000eab00000)
  object space 111616K, 82% used [0x00000000c0000000,0x00000000c5a6feb0,0x00000000c6d00000)
 Metaspace       used 66452K, committed 67328K, reserved 1114112K
  class space    used 6962K, committed 7360K, reserved 1048576K
}
Event: 258.689 GC heap before
{Heap before GC invocations=46 (full 5):
 PSYoungGen      total 6656K, used 6645K [0x00000000eab00000, 0x00000000eb580000, 0x0000000100000000)
  eden space 5632K, 100% used [0x00000000eab00000,0x00000000eb080000,0x00000000eb080000)
  from space 1024K, 98% used [0x00000000eb380000,0x00000000eb47d448,0x00000000eb480000)
  to   space 2560K, 0% used [0x00000000eb080000,0x00000000eb080000,0x00000000eb300000)
 ParOldGen       total 111616K, used 92607K [0x00000000c0000000, 0x00000000c6d00000, 0x00000000eab00000)
  object space 111616K, 82% used [0x00000000c0000000,0x00000000c5a6feb0,0x00000000c6d00000)
 Metaspace       used 66491K, committed 67392K, reserved 1114112K
  class space    used 6962K, committed 7360K, reserved 1048576K
}
Event: 258.693 GC heap after
{Heap after GC invocations=46 (full 5):
 PSYoungGen      total 8192K, used 2533K [0x00000000eab00000, 0x00000000ebc80000, 0x0000000100000000)
  eden space 5632K, 0% used [0x00000000eab00000,0x00000000eab00000,0x00000000eb080000)
  from space 2560K, 98% used [0x00000000eb080000,0x00000000eb2f95e8,0x00000000eb300000)
  to   space 6144K, 0% used [0x00000000eb680000,0x00000000eb680000,0x00000000ebc80000)
 ParOldGen       total 111616K, used 95361K [0x00000000c0000000, 0x00000000c6d00000, 0x00000000eab00000)
  object space 111616K, 85% used [0x00000000c0000000,0x00000000c5d20738,0x00000000c6d00000)
 Metaspace       used 66491K, committed 67392K, reserved 1114112K
  class space    used 6962K, committed 7360K, reserved 1048576K
}
Event: 258.733 GC heap before
{Heap before GC invocations=47 (full 5):
 PSYoungGen      total 8192K, used 8165K [0x00000000eab00000, 0x00000000ebc80000, 0x0000000100000000)
  eden space 5632K, 100% used [0x00000000eab00000,0x00000000eb080000,0x00000000eb080000)
  from space 2560K, 98% used [0x00000000eb080000,0x00000000eb2f95e8,0x00000000eb300000)
  to   space 6144K, 0% used [0x00000000eb680000,0x00000000eb680000,0x00000000ebc80000)
 ParOldGen       total 111616K, used 95361K [0x00000000c0000000, 0x00000000c6d00000, 0x00000000eab00000)
  object space 111616K, 85% used [0x00000000c0000000,0x00000000c5d20738,0x00000000c6d00000)
 Metaspace       used 66496K, committed 67392K, reserved 1114112K
  class space    used 6962K, committed 7360K, reserved 1048576K
}
Event: 258.739 GC heap after
{Heap after GC invocations=47 (full 5):
 PSYoungGen      total 10752K, used 5054K [0x00000000eab00000, 0x00000000ebb80000, 0x0000000100000000)
  eden space 5632K, 0% used [0x00000000eab00000,0x00000000eab00000,0x00000000eb080000)
  from space 5120K, 98% used [0x00000000eb680000,0x00000000ebb6f800,0x00000000ebb80000)
  to   space 5632K, 0% used [0x00000000eb080000,0x00000000eb080000,0x00000000eb600000)
 ParOldGen       total 111616K, used 95799K [0x00000000c0000000, 0x00000000c6d00000, 0x00000000eab00000)
  object space 111616K, 85% used [0x00000000c0000000,0x00000000c5d8df50,0x00000000c6d00000)
 Metaspace       used 66496K, committed 67392K, reserved 1114112K
  class space    used 6962K, committed 7360K, reserved 1048576K
}

